2025-07-26T19:42:48.843+05:30  INFO 18648 --- [Springboot_Practice] [main] l.i.g.s.SpringbootPracticeApplication    : Starting SpringbootPracticeApplication using Java 17.0.12 with PID 18648 (C:\Users\User\OneDrive\Documents\springboot-IJSE\Springboot_Practice\target\classes started by User in C:\Users\User\OneDrive\Documents\springboot-IJSE\Springboot_Practice)
2025-07-26T19:42:48.846+05:30  INFO 18648 --- [Springboot_Practice] [main] l.i.g.s.SpringbootPracticeApplication    : No active profile set, falling back to 1 default profile: "default"
2025-07-26T19:42:49.310+05:30  INFO 18648 --- [Springboot_Practice] [main] .s.d.r.c.RepositoryConfigurationDelegate : Bootstrapping Spring Data JPA repositories in DEFAULT mode.
2025-07-26T19:42:49.346+05:30  INFO 18648 --- [Springboot_Practice] [main] .s.d.r.c.RepositoryConfigurationDelegate : Finished Spring Data repository scanning in 30 ms. Found 1 JPA repository interface.
2025-07-26T19:42:49.631+05:30  INFO 18648 --- [Springboot_Practice] [main] o.s.b.w.embedded.tomcat.TomcatWebServer  : Tomcat initialized with port 8080 (http)
2025-07-26T19:42:49.639+05:30  INFO 18648 --- [Springboot_Practice] [main] o.apache.catalina.core.StandardService   : Starting service [Tomcat]
2025-07-26T19:42:49.640+05:30  INFO 18648 --- [Springboot_Practice] [main] o.apache.catalina.core.StandardEngine    : Starting Servlet engine: [Apache Tomcat/10.1.42]
2025-07-26T19:42:49.686+05:30  INFO 18648 --- [Springboot_Practice] [main] o.a.c.c.C.[Tomcat].[localhost].[/]       : Initializing Spring embedded WebApplicationContext
2025-07-26T19:42:49.686+05:30  INFO 18648 --- [Springboot_Practice] [main] w.s.c.ServletWebServerApplicationContext : Root WebApplicationContext: initialization completed in 797 ms
2025-07-26T19:42:49.797+05:30  INFO 18648 --- [Springboot_Practice] [main] o.hibernate.jpa.internal.util.LogHelper  : HHH000204: Processing PersistenceUnitInfo [name: default]
2025-07-26T19:42:49.827+05:30  INFO 18648 --- [Springboot_Practice] [main] org.hibernate.Version                    : HHH000412: Hibernate ORM core version 6.6.18.Final
2025-07-26T19:42:49.847+05:30  INFO 18648 --- [Springboot_Practice] [main] o.h.c.internal.RegionFactoryInitiator    : HHH000026: Second-level cache disabled
2025-07-26T19:42:50.022+05:30  INFO 18648 --- [Springboot_Practice] [main] o.s.o.j.p.SpringPersistenceUnitInfo      : No LoadTimeWeaver setup: ignoring JPA class transformer
2025-07-26T19:42:50.043+05:30  INFO 18648 --- [Springboot_Practice] [main] com.zaxxer.hikari.HikariDataSource       : HikariPool-1 - Starting...
2025-07-26T19:42:50.322+05:30  INFO 18648 --- [Springboot_Practice] [main] com.zaxxer.hikari.pool.HikariPool        : HikariPool-1 - Added connection com.mysql.cj.jdbc.ConnectionImpl@25f7cc38
2025-07-26T19:42:50.324+05:30  INFO 18648 --- [Springboot_Practice] [main] com.zaxxer.hikari.HikariDataSource       : HikariPool-1 - Start completed.
2025-07-26T19:42:50.367+05:30  WARN 18648 --- [Springboot_Practice] [main] org.hibernate.orm.deprecation            : HHH90000025: MySQLDialect does not need to be specified explicitly using 'hibernate.dialect' (remove the property setting and it will be selected by default)
2025-07-26T19:42:50.384+05:30  INFO 18648 --- [Springboot_Practice] [main] org.hibernate.orm.connections.pooling    : HHH10001005: Database info:
	Database JDBC URL [Connecting through datasource 'HikariDataSource (HikariPool-1)']
	Database driver: undefined/unknown
	Database version: 8.0.40
	Autocommit mode: undefined/unknown
	Isolation level: undefined/unknown
	Minimum pool size: undefined/unknown
	Maximum pool size: undefined/unknown
2025-07-26T19:42:50.983+05:30  INFO 18648 --- [Springboot_Practice] [main] o.h.e.t.j.p.i.JtaPlatformInitiator       : HHH000489: No JTA platform available (set 'hibernate.transaction.jta.platform' to enable JTA platform integration)
2025-07-26T19:42:51.016+05:30  INFO 18648 --- [Springboot_Practice] [main] j.LocalContainerEntityManagerFactoryBean : Initialized JPA EntityManagerFactory for persistence unit 'default'
2025-07-26T19:42:51.225+05:30  INFO 18648 --- [Springboot_Practice] [main] o.s.d.j.r.query.QueryEnhancerFactory     : Hibernate is in classpath; If applicable, HQL parser will be used.
2025-07-26T19:42:51.269+05:30  WARN 18648 --- [Springboot_Practice] [main] JpaBaseConfiguration$JpaWebConfiguration : spring.jpa.open-in-view is enabled by default. Therefore, database queries may be performed during view rendering. Explicitly configure spring.jpa.open-in-view to disable this warning
2025-07-26T19:42:51.510+05:30  INFO 18648 --- [Springboot_Practice] [main] o.s.b.w.embedded.tomcat.TomcatWebServer  : Tomcat started on port 8080 (http) with context path '/'
2025-07-26T19:42:51.514+05:30  INFO 18648 --- [Springboot_Practice] [main] l.i.g.s.SpringbootPracticeApplication    : Started SpringbootPracticeApplication in 3.144 seconds (process running for 3.73)
2025-07-26T19:43:24.148+05:30  INFO 18648 --- [Springboot_Practice] [http-nio-8080-exec-1] o.a.c.c.C.[Tomcat].[localhost].[/]       : Initializing Spring DispatcherServlet 'dispatcherServlet'
2025-07-26T19:43:24.148+05:30  INFO 18648 --- [Springboot_Practice] [http-nio-8080-exec-1] o.s.web.servlet.DispatcherServlet        : Initializing Servlet 'dispatcherServlet'
2025-07-26T19:43:24.149+05:30  INFO 18648 --- [Springboot_Practice] [http-nio-8080-exec-1] o.s.web.servlet.DispatcherServlet        : Completed initialization in 1 ms
2025-07-26T19:43:24.545+05:30  WARN 18648 --- [Springboot_Practice] [http-nio-8080-exec-2] ration$PageModule$WarningLoggingModifier : Serializing PageImpl instances as-is is not supported, meaning that there is no guarantee about the stability of the resulting JSON structure!
	For a stable JSON structure, please use Spring Data's PagedModel (globally via @EnableSpringDataWebSupport(pageSerializationMode = VIA_DTO))
	or Spring HATEOAS and Spring Data's PagedResourcesAssembler as documented in https://docs.spring.io/spring-data/commons/reference/repositories/core-extensions.html#core.web.pageables.

2025-07-26T19:46:03.354+05:30  INFO 18648 --- [Springboot_Practice] [SpringApplicationShutdownHook] o.s.b.w.e.tomcat.GracefulShutdown        : Commencing graceful shutdown. Waiting for active requests to complete
2025-07-26T19:46:03.380+05:30  INFO 18648 --- [Springboot_Practice] [tomcat-shutdown] o.s.b.w.e.tomcat.GracefulShutdown        : Graceful shutdown complete
2025-07-26T19:46:03.382+05:30  INFO 18648 --- [Springboot_Practice] [SpringApplicationShutdownHook] j.LocalContainerEntityManagerFactoryBean : Closing JPA EntityManagerFactory for persistence unit 'default'
2025-07-26T19:46:03.385+05:30  INFO 18648 --- [Springboot_Practice] [SpringApplicationShutdownHook] com.zaxxer.hikari.HikariDataSource       : HikariPool-1 - Shutdown initiated...
2025-07-26T19:46:03.390+05:30  INFO 18648 --- [Springboot_Practice] [SpringApplicationShutdownHook] com.zaxxer.hikari.HikariDataSource       : HikariPool-1 - Shutdown completed.
2025-07-26T19:46:06.869+05:30  INFO 8436 --- [Springboot_Practice] [main] l.i.g.s.SpringbootPracticeApplication    : Starting SpringbootPracticeApplication using Java 17.0.12 with PID 8436 (C:\Users\User\OneDrive\Documents\springboot-IJSE\Springboot_Practice\target\classes started by User in C:\Users\User\OneDrive\Documents\springboot-IJSE\Springboot_Practice)
2025-07-26T19:46:06.872+05:30  INFO 8436 --- [Springboot_Practice] [main] l.i.g.s.SpringbootPracticeApplication    : No active profile set, falling back to 1 default profile: "default"
2025-07-26T19:46:07.371+05:30  INFO 8436 --- [Springboot_Practice] [main] .s.d.r.c.RepositoryConfigurationDelegate : Bootstrapping Spring Data JPA repositories in DEFAULT mode.
2025-07-26T19:46:07.409+05:30  INFO 8436 --- [Springboot_Practice] [main] .s.d.r.c.RepositoryConfigurationDelegate : Finished Spring Data repository scanning in 32 ms. Found 1 JPA repository interface.
2025-07-26T19:46:07.693+05:30  INFO 8436 --- [Springboot_Practice] [main] o.s.b.w.embedded.tomcat.TomcatWebServer  : Tomcat initialized with port 8080 (http)
2025-07-26T19:46:07.700+05:30  INFO 8436 --- [Springboot_Practice] [main] o.apache.catalina.core.StandardService   : Starting service [Tomcat]
2025-07-26T19:46:07.700+05:30  INFO 8436 --- [Springboot_Practice] [main] o.apache.catalina.core.StandardEngine    : Starting Servlet engine: [Apache Tomcat/10.1.42]
2025-07-26T19:46:07.732+05:30  INFO 8436 --- [Springboot_Practice] [main] o.a.c.c.C.[Tomcat].[localhost].[/]       : Initializing Spring embedded WebApplicationContext
2025-07-26T19:46:07.732+05:30  INFO 8436 --- [Springboot_Practice] [main] w.s.c.ServletWebServerApplicationContext : Root WebApplicationContext: initialization completed in 819 ms
2025-07-26T19:46:07.818+05:30  INFO 8436 --- [Springboot_Practice] [main] o.hibernate.jpa.internal.util.LogHelper  : HHH000204: Processing PersistenceUnitInfo [name: default]
2025-07-26T19:46:07.845+05:30  INFO 8436 --- [Springboot_Practice] [main] org.hibernate.Version                    : HHH000412: Hibernate ORM core version 6.6.18.Final
2025-07-26T19:46:07.867+05:30  INFO 8436 --- [Springboot_Practice] [main] o.h.c.internal.RegionFactoryInitiator    : HHH000026: Second-level cache disabled
2025-07-26T19:46:08.050+05:30  INFO 8436 --- [Springboot_Practice] [main] o.s.o.j.p.SpringPersistenceUnitInfo      : No LoadTimeWeaver setup: ignoring JPA class transformer
2025-07-26T19:46:08.068+05:30  INFO 8436 --- [Springboot_Practice] [main] com.zaxxer.hikari.HikariDataSource       : HikariPool-1 - Starting...
2025-07-26T19:46:08.243+05:30  INFO 8436 --- [Springboot_Practice] [main] com.zaxxer.hikari.pool.HikariPool        : HikariPool-1 - Added connection com.mysql.cj.jdbc.ConnectionImpl@359865a2
2025-07-26T19:46:08.245+05:30  INFO 8436 --- [Springboot_Practice] [main] com.zaxxer.hikari.HikariDataSource       : HikariPool-1 - Start completed.
2025-07-26T19:46:08.285+05:30  WARN 8436 --- [Springboot_Practice] [main] org.hibernate.orm.deprecation            : HHH90000025: MySQLDialect does not need to be specified explicitly using 'hibernate.dialect' (remove the property setting and it will be selected by default)
2025-07-26T19:46:08.297+05:30  INFO 8436 --- [Springboot_Practice] [main] org.hibernate.orm.connections.pooling    : HHH10001005: Database info:
	Database JDBC URL [Connecting through datasource 'HikariDataSource (HikariPool-1)']
	Database driver: undefined/unknown
	Database version: 8.0.40
	Autocommit mode: undefined/unknown
	Isolation level: undefined/unknown
	Minimum pool size: undefined/unknown
	Maximum pool size: undefined/unknown
2025-07-26T19:46:08.842+05:30  INFO 8436 --- [Springboot_Practice] [main] o.h.e.t.j.p.i.JtaPlatformInitiator       : HHH000489: No JTA platform available (set 'hibernate.transaction.jta.platform' to enable JTA platform integration)
2025-07-26T19:46:08.876+05:30  INFO 8436 --- [Springboot_Practice] [main] j.LocalContainerEntityManagerFactoryBean : Initialized JPA EntityManagerFactory for persistence unit 'default'
2025-07-26T19:46:09.035+05:30  INFO 8436 --- [Springboot_Practice] [main] o.s.d.j.r.query.QueryEnhancerFactory     : Hibernate is in classpath; If applicable, HQL parser will be used.
2025-07-26T19:46:09.116+05:30  WARN 8436 --- [Springboot_Practice] [main] JpaBaseConfiguration$JpaWebConfiguration : spring.jpa.open-in-view is enabled by default. Therefore, database queries may be performed during view rendering. Explicitly configure spring.jpa.open-in-view to disable this warning
2025-07-26T19:46:09.333+05:30  INFO 8436 --- [Springboot_Practice] [main] o.s.b.w.embedded.tomcat.TomcatWebServer  : Tomcat started on port 8080 (http) with context path '/'
2025-07-26T19:46:09.337+05:30  INFO 8436 --- [Springboot_Practice] [main] l.i.g.s.SpringbootPracticeApplication    : Started SpringbootPracticeApplication in 2.893 seconds (process running for 3.371)
2025-07-26T19:46:13.260+05:30  INFO 8436 --- [Springboot_Practice] [http-nio-8080-exec-1] o.a.c.c.C.[Tomcat].[localhost].[/]       : Initializing Spring DispatcherServlet 'dispatcherServlet'
2025-07-26T19:46:13.260+05:30  INFO 8436 --- [Springboot_Practice] [http-nio-8080-exec-1] o.s.web.servlet.DispatcherServlet        : Initializing Servlet 'dispatcherServlet'
2025-07-26T19:46:13.261+05:30  INFO 8436 --- [Springboot_Practice] [http-nio-8080-exec-1] o.s.web.servlet.DispatcherServlet        : Completed initialization in 0 ms
2025-07-26T19:46:13.603+05:30  WARN 8436 --- [Springboot_Practice] [http-nio-8080-exec-5] ration$PageModule$WarningLoggingModifier : Serializing PageImpl instances as-is is not supported, meaning that there is no guarantee about the stability of the resulting JSON structure!
	For a stable JSON structure, please use Spring Data's PagedModel (globally via @EnableSpringDataWebSupport(pageSerializationMode = VIA_DTO))
	or Spring HATEOAS and Spring Data's PagedResourcesAssembler as documented in https://docs.spring.io/spring-data/commons/reference/repositories/core-extensions.html#core.web.pageables.

2025-07-26T19:46:35.453+05:30  INFO 8436 --- [Springboot_Practice] [SpringApplicationShutdownHook] o.s.b.w.e.tomcat.GracefulShutdown        : Commencing graceful shutdown. Waiting for active requests to complete
2025-07-26T19:46:35.526+05:30  INFO 8436 --- [Springboot_Practice] [tomcat-shutdown] o.s.b.w.e.tomcat.GracefulShutdown        : Graceful shutdown complete
2025-07-26T19:46:35.531+05:30  INFO 8436 --- [Springboot_Practice] [SpringApplicationShutdownHook] j.LocalContainerEntityManagerFactoryBean : Closing JPA EntityManagerFactory for persistence unit 'default'
2025-07-26T19:46:35.535+05:30  INFO 8436 --- [Springboot_Practice] [SpringApplicationShutdownHook] com.zaxxer.hikari.HikariDataSource       : HikariPool-1 - Shutdown initiated...
2025-07-26T19:46:35.546+05:30  INFO 8436 --- [Springboot_Practice] [SpringApplicationShutdownHook] com.zaxxer.hikari.HikariDataSource       : HikariPool-1 - Shutdown completed.
2025-07-26T19:46:38.995+05:30  INFO 18748 --- [Springboot_Practice] [main] l.i.g.s.SpringbootPracticeApplication    : Starting SpringbootPracticeApplication using Java 17.0.12 with PID 18748 (C:\Users\User\OneDrive\Documents\springboot-IJSE\Springboot_Practice\target\classes started by User in C:\Users\User\OneDrive\Documents\springboot-IJSE\Springboot_Practice)
2025-07-26T19:46:38.997+05:30  INFO 18748 --- [Springboot_Practice] [main] l.i.g.s.SpringbootPracticeApplication    : No active profile set, falling back to 1 default profile: "default"
2025-07-26T19:46:39.491+05:30  INFO 18748 --- [Springboot_Practice] [main] .s.d.r.c.RepositoryConfigurationDelegate : Bootstrapping Spring Data JPA repositories in DEFAULT mode.
2025-07-26T19:46:39.536+05:30  INFO 18748 --- [Springboot_Practice] [main] .s.d.r.c.RepositoryConfigurationDelegate : Finished Spring Data repository scanning in 37 ms. Found 1 JPA repository interface.
2025-07-26T19:46:39.863+05:30  INFO 18748 --- [Springboot_Practice] [main] o.s.b.w.embedded.tomcat.TomcatWebServer  : Tomcat initialized with port 8080 (http)
2025-07-26T19:46:39.872+05:30  INFO 18748 --- [Springboot_Practice] [main] o.apache.catalina.core.StandardService   : Starting service [Tomcat]
2025-07-26T19:46:39.872+05:30  INFO 18748 --- [Springboot_Practice] [main] o.apache.catalina.core.StandardEngine    : Starting Servlet engine: [Apache Tomcat/10.1.42]
2025-07-26T19:46:39.916+05:30  INFO 18748 --- [Springboot_Practice] [main] o.a.c.c.C.[Tomcat].[localhost].[/]       : Initializing Spring embedded WebApplicationContext
2025-07-26T19:46:39.917+05:30  INFO 18748 --- [Springboot_Practice] [main] w.s.c.ServletWebServerApplicationContext : Root WebApplicationContext: initialization completed in 890 ms
2025-07-26T19:46:40.021+05:30  INFO 18748 --- [Springboot_Practice] [main] o.hibernate.jpa.internal.util.LogHelper  : HHH000204: Processing PersistenceUnitInfo [name: default]
2025-07-26T19:46:40.055+05:30  INFO 18748 --- [Springboot_Practice] [main] org.hibernate.Version                    : HHH000412: Hibernate ORM core version 6.6.18.Final
2025-07-26T19:46:40.082+05:30  INFO 18748 --- [Springboot_Practice] [main] o.h.c.internal.RegionFactoryInitiator    : HHH000026: Second-level cache disabled
2025-07-26T19:46:40.281+05:30  INFO 18748 --- [Springboot_Practice] [main] o.s.o.j.p.SpringPersistenceUnitInfo      : No LoadTimeWeaver setup: ignoring JPA class transformer
2025-07-26T19:46:40.307+05:30  INFO 18748 --- [Springboot_Practice] [main] com.zaxxer.hikari.HikariDataSource       : HikariPool-1 - Starting...
2025-07-26T19:46:40.508+05:30  INFO 18748 --- [Springboot_Practice] [main] com.zaxxer.hikari.pool.HikariPool        : HikariPool-1 - Added connection com.mysql.cj.jdbc.ConnectionImpl@e5c5e6
2025-07-26T19:46:40.510+05:30  INFO 18748 --- [Springboot_Practice] [main] com.zaxxer.hikari.HikariDataSource       : HikariPool-1 - Start completed.
2025-07-26T19:46:40.549+05:30  WARN 18748 --- [Springboot_Practice] [main] org.hibernate.orm.deprecation            : HHH90000025: MySQLDialect does not need to be specified explicitly using 'hibernate.dialect' (remove the property setting and it will be selected by default)
2025-07-26T19:46:40.562+05:30  INFO 18748 --- [Springboot_Practice] [main] org.hibernate.orm.connections.pooling    : HHH10001005: Database info:
	Database JDBC URL [Connecting through datasource 'HikariDataSource (HikariPool-1)']
	Database driver: undefined/unknown
	Database version: 8.0.40
	Autocommit mode: undefined/unknown
	Isolation level: undefined/unknown
	Minimum pool size: undefined/unknown
	Maximum pool size: undefined/unknown
2025-07-26T19:46:45.447+05:30  INFO 18748 --- [Springboot_Practice] [main] o.h.e.t.j.p.i.JtaPlatformInitiator       : HHH000489: No JTA platform available (set 'hibernate.transaction.jta.platform' to enable JTA platform integration)
2025-07-26T19:46:45.479+05:30  INFO 18748 --- [Springboot_Practice] [main] j.LocalContainerEntityManagerFactoryBean : Initialized JPA EntityManagerFactory for persistence unit 'default'
2025-07-26T19:46:45.668+05:30  INFO 18748 --- [Springboot_Practice] [main] o.s.d.j.r.query.QueryEnhancerFactory     : Hibernate is in classpath; If applicable, HQL parser will be used.
2025-07-26T19:46:45.715+05:30  WARN 18748 --- [Springboot_Practice] [main] JpaBaseConfiguration$JpaWebConfiguration : spring.jpa.open-in-view is enabled by default. Therefore, database queries may be performed during view rendering. Explicitly configure spring.jpa.open-in-view to disable this warning
2025-07-26T19:46:45.953+05:30  INFO 18748 --- [Springboot_Practice] [main] o.s.b.w.embedded.tomcat.TomcatWebServer  : Tomcat started on port 8080 (http) with context path '/'
2025-07-26T19:46:45.958+05:30  INFO 18748 --- [Springboot_Practice] [main] l.i.g.s.SpringbootPracticeApplication    : Started SpringbootPracticeApplication in 7.332 seconds (process running for 8.296)
2025-07-26T19:46:45.960+05:30  INFO 18748 --- [Springboot_Practice] [SpringApplicationShutdownHook] o.s.b.w.e.tomcat.GracefulShutdown        : Commencing graceful shutdown. Waiting for active requests to complete
2025-07-26T19:46:45.980+05:30  INFO 18748 --- [Springboot_Practice] [tomcat-shutdown] o.s.b.w.e.tomcat.GracefulShutdown        : Graceful shutdown complete
2025-07-26T19:46:45.983+05:30  INFO 18748 --- [Springboot_Practice] [SpringApplicationShutdownHook] j.LocalContainerEntityManagerFactoryBean : Closing JPA EntityManagerFactory for persistence unit 'default'
2025-07-26T19:46:45.984+05:30  INFO 18748 --- [Springboot_Practice] [SpringApplicationShutdownHook] com.zaxxer.hikari.HikariDataSource       : HikariPool-1 - Shutdown initiated...
2025-07-26T19:46:45.989+05:30  INFO 18748 --- [Springboot_Practice] [SpringApplicationShutdownHook] com.zaxxer.hikari.HikariDataSource       : HikariPool-1 - Shutdown completed.
